{"C:\\Users\\djalma.oliveira\\Documents\\Djalma\\Cursos\\FullCycle\\ContinuosIntegrations\\desafio\\src\\print.js": {"path":"C:\\Users\\djalma.oliveira\\Documents\\Djalma\\Cursos\\FullCycle\\ContinuosIntegrations\\desafio\\src\\print.js","statementMap":{"0":{"start":{"line":2,"column":4},"end":{"line":2,"column":29}},"1":{"start":{"line":5,"column":0},"end":{"line":5,"column":31}}},"fnMap":{"0":{"name":"printWelcomes","decl":{"start":{"line":1,"column":9},"end":{"line":1,"column":22}},"loc":{"start":{"line":1,"column":29},"end":{"line":3,"column":1}},"line":1}},"branchMap":{},"s":{"0":1,"1":1},"f":{"0":1},"b":{},"_coverageSchema":"1a1c01bbd47fc00a2c39e90264f33305004495a9","hash":"8a498d69e496f47728460d1457da6ad0eeceb32d"}
}
